[1][23-Apr-2024 23:40 P-48] Corp.. MCR001.... MCR010.... MCR012.... DPR. LAR... DPR. LAR.................................... Updated  0 rows. Added 37 rows. [162.13s]
[2][15-Apr-2024 23:43 P-48] Corp.. MCR001.... MCR010.... MCR012.... DPR. LAR... DPR. LAR.................................... Updated  0 rows. Added 37 rows. [164.76s]
[3][16-Apr-2024 23:46 P-48] Corp.. MCR001.... MCR010.... MCR012.... DPR. LAR... DPR* LAR.................................... Updated  1 rows. Added 36 rows. [161.53s]
[4][17-Apr-2024 23:49 P-48] Corp.. MCR001.... MCR010.... MCR012.... DPR. LAR... DPR. LAR.................................... Updated  0 rows. Added 37 rows. [162.28s]
[5][18-Apr-2024 23:52 P-48] Corp.. MCR001.... MCR010.... MCR012.... DPR. LAR... DPR* LAR.................................... Updated  1 rows. Added 36 rows. [161.94s]
[6][19-Apr-2024 23:56 P-48] Corp.. MCR001.... MCR010.... MCR012.... DPR. LAR... DPR* LAR************************************ Updated 37 rows. Added  0 rows. [160.81s]

[1][24-Apr-2024 00:10 P-01] Corp._ MCR001.... MCR010.... MCR012.... DPR. LAR... DPR. LAR.................................... Updated  0 rows. Added 37 rows. [150.24s]
[2][15-Apr-2024 00:13 P-01] Corp._ MCR001.... MCR010.... MCR012.... DPR. LAR... DPR. LAR.................................... Updated  0 rows. Added 37 rows. [152.64s]
[3][16-Apr-2024 00:16 P-01] Corp._ MCR001.... MCR010.... MCR012.... DPR. LAR... DPR. LAR.................................... Updated  0 rows. Added 37 rows. [149.68s]
[4][17-Apr-2024 00:19 P-01] Corp._ MCR001.... MCR010.... MCR012.... DPR. LAR... DPR* LAR.................................... Updated  1 rows. Added 36 rows. [151.05s]
[5][18-Apr-2024 00:22 P-01] Corp._ MCR001.... MCR010.... MCR012.... DPR. LAR... DPR* LAR.................................... Updated  1 rows. Added 36 rows. [149.09s]
[6][19-Apr-2024 00:25 P-01] Corp._ MCR001.... MCR010.... MCR012.... DPR. LAR... DPR* LAR.................................... Updated  1 rows. Added 36 rows. [151.76s]

[1][24-Apr-2024 00:40 P-02] Corp._ MCR001.... MCR010.... MCR012.... DPR. LAR... DPR. LAR.................................... Updated  0 rows. Added 37 rows. [169.20s]
[2][15-Apr-2024 00:43 P-02] Corp._ MCR001.... MCR010.... MCR012.... DPR. LAR... DPR. LAR.................................... Updated  0 rows. Added 37 rows. [154.90s]
[3][16-Apr-2024 00:46 P-02] Corp._ MCR001.... MCR010.... MCR012.... DPR. LAR... DPR. LAR.................................... Updated  0 rows. Added 37 rows. [149.39s]
[4][17-Apr-2024 00:49 P-02] Corp._ MCR001.... MCR010.... MCR012.... DPR. LAR... DPR* LAR.................................... Updated  1 rows. Added 36 rows. [151.13s]
[5][18-Apr-2024 00:52 P-02] Corp._ MCR001.... MCR010.... MCR012.... DPR. LAR... DPR* LAR.................................... Updated  1 rows. Added 36 rows. [148.58s]
[6][19-Apr-2024 00:55 P-02] Corp._ MCR001.... MCR010.... MCR012.... DPR. LAR... DPR* LAR.................................... Updated  1 rows. Added 36 rows. [150.50s]

[1][24-Apr-2024 01:10 P-03] Corp._ MCR001.... MCR010.... MCR012.... DPR. LAR... DPR. LAR.................................... Updated  0 rows. Added 37 rows. [166.19s]
[2][15-Apr-2024 01:13 P-03] Corp._ MCR001.... MCR010.... MCR012.... DPR. LAR... DPR. LAR.................................... Updated  0 rows. Added 37 rows. [151.77s]
[3][16-Apr-2024 01:16 P-03] Corp._ MCR001.... MCR010.... MCR012.... DPR. LAR... DPR. LAR.................................... Updated  0 rows. Added 37 rows. [151.05s]
[4][17-Apr-2024 01:19 P-03] Corp._ MCR001.... MCR010.... MCR012.... DPR. LAR... DPR* LAR.................................... Updated  1 rows. Added 36 rows. [151.80s]
[5][18-Apr-2024 01:22 P-03] Corp._ MCR001.... MCR010.... MCR012.... DPR. LAR... DPR* LAR.................................... Updated  1 rows. Added 36 rows. [150.21s]
[6][19-Apr-2024 01:25 P-03] Corp._ MCR001.... MCR010.... MCR012.... DPR. LAR... DPR* LAR.................................... Updated  1 rows. Added 36 rows. [152.54s]

[1][24-Apr-2024 01:40 P-04] Corp._ MCR001.... MCR010.... MCR012.... DPR. LAR... DPR. LAR.................................... Updated  0 rows. Added 37 rows. [173.04s]
[2][15-Apr-2024 01:43 P-04] Corp._ MCR001.... MCR010.... MCR012.... DPR. LAR... DPR. LAR.................................... Updated  0 rows. Added 37 rows. [149.06s]
[3][16-Apr-2024 01:46 P-04] Corp._ MCR001.... MCR010.... MCR012.... DPR. LAR... DPR. LAR.................................... Updated  0 rows. Added 37 rows. [149.98s]
[4][17-Apr-2024 01:49 P-04] Corp._ MCR001.... MCR010.... MCR012.... DPR. LAR... DPR* LAR.................................... Updated  1 rows. Added 36 rows. [150.60s]
[5][18-Apr-2024 01:52 P-04] Corp._ MCR001.... MCR010.... MCR012.... DPR. LAR... DPR* LAR.................................... Updated  1 rows. Added 36 rows. [148.56s]
[6][19-Apr-2024 01:55 P-04] Corp._ MCR001.... MCR010.... MCR012.... DPR. LAR... DPR* LAR.................................... Updated  1 rows. Added 36 rows. [151.46s]

[1][24-Apr-2024 02:10 P-05] Corp._ MCR001.... MCR010.... MCR012.... DPR. LAR... DPR. LAR.................................... Updated  0 rows. Added 37 rows. [149.88s]
[2][15-Apr-2024 02:13 P-05] Corp._ MCR001.... MCR010.... MCR012.... DPR. LAR... DPR. LAR.................................... Updated  0 rows. Added 37 rows. [150.28s]
[3][16-Apr-2024 02:16 P-05] Corp._ MCR001.... MCR010.... MCR012.... DPR. LAR... DPR. LAR.................................... Updated  0 rows. Added 37 rows. [150.54s]
[4][17-Apr-2024 02:19 P-05] Corp._ MCR001.... MCR010.... MCR012.... DPR. LAR... DPR* LAR.................................... Updated  1 rows. Added 36 rows. [150.31s]
[5][18-Apr-2024 02:22 P-05] Corp._ MCR001.... MCR010.... MCR012.... DPR. LAR... DPR* LAR.................................... Updated  1 rows. Added 36 rows. [149.31s]
[6][19-Apr-2024 02:25 P-05] Corp._ MCR001.... MCR010.... MCR012.... DPR. LAR... DPR* LAR.................................... Updated  1 rows. Added 36 rows. [150.25s]

[1][24-Apr-2024 02:40 P-06] Corp._ MCR001.... MCR010.... MCR012.... DPR. LAR... DPR. LAR.................................... Updated  0 rows. Added 37 rows. [151.22s]
[2][15-Apr-2024 02:43 P-06] Corp._ MCR001.... MCR010.... MCR012.... DPR. LAR... DPR. LAR.................................... Updated  0 rows. Added 37 rows. [149.40s]
[3][16-Apr-2024 02:46 P-06] Corp._ MCR001.... MCR010.... MCR012.... DPR. LAR... DPR. LAR.................................... Updated  0 rows. Added 37 rows. [151.24s]
[4][17-Apr-2024 02:49 P-06] Corp._ MCR001.... MCR010.... MCR012.... DPR. LAR... DPR* LAR.................................... Updated  1 rows. Added 36 rows. [149.66s]
[5][18-Apr-2024 02:52 P-06] Corp._ MCR001.... MCR010.... MCR012.... DPR. LAR... DPR* LAR.................................... Updated  1 rows. Added 36 rows. [151.92s]
[6][19-Apr-2024 02:55 P-06] Corp._ MCR001.... MCR010.... MCR012.... DPR. LAR... DPR* LAR.................................... Updated  1 rows. Added 36 rows. [153.06s]

[1][24-Apr-2024 03:10 P-07] Corp._ MCR001.... MCR010.... MCR012.... DPR. LAR... DPR. LAR.................................... Updated  0 rows. Added 37 rows. [150.09s]
[2][15-Apr-2024 03:13 P-07] Corp._ MCR001.... MCR010.... MCR012.... DPR. LAR... DPR. LAR.................................... Updated  0 rows. Added 37 rows. [149.33s]
[3][16-Apr-2024 03:16 P-07] Corp._ MCR001.... MCR010.... MCR012.... DPR. LAR... DPR. LAR.................................... Updated  0 rows. Added 37 rows. [150.53s]
[4][17-Apr-2024 03:19 P-07] Corp._ MCR001.... MCR010.... MCR012.... DPR. LAR... DPR* LAR.................................... Updated  1 rows. Added 36 rows. [149.14s]
[5][18-Apr-2024 03:22 P-07] Corp._ MCR001.... MCR010.... MCR012.... DPR. LAR... DPR* LAR.................................... Updated  1 rows. Added 36 rows. [149.47s]
[6][19-Apr-2024 03:25 P-07] Corp._ MCR001.... MCR010.... MCR012.... DPR. LAR... DPR* LAR.................................... Updated  1 rows. Added 36 rows. [151.40s]

[1][24-Apr-2024 03:40 P-08] Corp._ MCR001.... MCR010.... MCR012.... DPR. LAR... DPR. LAR.................................... Updated  0 rows. Added 37 rows. [189.32s]
[2][15-Apr-2024 03:43 P-08] Corp._ MCR001.... MCR010.... MCR012.... DPR. LAR... DPR. LAR.................................... Updated  0 rows. Added 37 rows. [149.08s]
[3][16-Apr-2024 03:46 P-08] Corp._ MCR001.... MCR010.... MCR012.... DPR. LAR... DPR. LAR.................................... Updated  0 rows. Added 37 rows. [153.27s]
[4][17-Apr-2024 03:49 P-08] Corp._ MCR001.... MCR010.... MCR012.... DPR. LAR... DPR* LAR.................................... Updated  1 rows. Added 36 rows. [152.58s]
[5][18-Apr-2024 03:52 P-08] Corp._ MCR001.... MCR010.... MCR012.... DPR. LAR... DPR* LAR.................................... Updated  1 rows. Added 36 rows. [150.94s]
[6][19-Apr-2024 03:55 P-08] Corp._ MCR001.... MCR010.... MCR012.... DPR. LAR... DPR* LAR.................................... Updated  1 rows. Added 36 rows. [150.73s]

[1][24-Apr-2024 04:10 P-09] Corp._ MCR001.... MCR010.... MCR012.... DPR. LAR... DPR. LAR.................................... Updated  0 rows. Added 37 rows. [150.45s]
[2][15-Apr-2024 04:13 P-09] Corp._ MCR001.... MCR010.... MCR012.... DPR. LAR... DPR. LAR.................................... Updated  0 rows. Added 37 rows. [149.40s]
[3][16-Apr-2024 04:16 P-09] Corp._ MCR001.... MCR010.... MCR012.... DPR. LAR... DPR. LAR.................................... Updated  0 rows. Added 37 rows. [150.81s]
[4][17-Apr-2024 04:19 P-09] Corp._ MCR001.... MCR010.... MCR012.... DPR. LAR... DPR* LAR.................................... Updated  1 rows. Added 36 rows. [148.69s]
[5][18-Apr-2024 04:22 P-09] Corp._ MCR001.... MCR010.... MCR012.... DPR. LAR... DPR* LAR.................................... Updated  1 rows. Added 36 rows. [150.41s]
[6][19-Apr-2024 04:25 P-09] Corp._ MCR001.... MCR010.... MCR012.... DPR. LAR... DPR* LAR.................................... Updated  1 rows. Added 36 rows. [151.49s]

[1][24-Apr-2024 04:40 P-10] Corp._ MCR001.... MCR010.... MCR012.... DPR. LAR... DPR. LAR.................................... Updated  0 rows. Added 37 rows. [190.11s]
[2][15-Apr-2024 04:43 P-10] Corp._ MCR001.... MCR010.... MCR012.... DPR. LAR... DPR. LAR.................................... Updated  0 rows. Added 37 rows. [149.08s]
[3][16-Apr-2024 04:46 P-10] Corp._ MCR001.... MCR010.... MCR012.... DPR. LAR... DPR. LAR.................................... Updated  0 rows. Added 37 rows. [150.95s]
[4][17-Apr-2024 04:49 P-10] Corp._ MCR001.... MCR010.... MCR012.... DPR. LAR... DPR* LAR.................................... Updated  1 rows. Added 36 rows. [149.62s]
[5][18-Apr-2024 04:52 P-10] Corp._ MCR001.... MCR010.... MCR012.... DPR. LAR... DPR* LAR.................................... Updated  1 rows. Added 36 rows. [148.91s]
[6][19-Apr-2024 04:55 P-10] Corp._ MCR001.... MCR010.... MCR012.... DPR. LAR... DPR* LAR.................................... Updated  1 rows. Added 36 rows. [149.97s]

[1][24-Apr-2024 05:10 P-11] Corp._ MCR001.... MCR010.... MCR012.... DPR. LAR... DPR. LAR.................................... Updated  0 rows. Added 37 rows. [149.59s]
[2][15-Apr-2024 05:13 P-11] Corp._ MCR001.... MCR010.... MCR012.... DPR. LAR... DPR. LAR.................................... Updated  0 rows. Added 37 rows. [149.31s]
[3][16-Apr-2024 05:16 P-11] Corp._ MCR001.... MCR010.... MCR012.... DPR. LAR... DPR. LAR.................................... Updated  0 rows. Added 37 rows. [153.25s]
[4][17-Apr-2024 05:19 P-11] Corp._ MCR001.... MCR010.... MCR012.... DPR. LAR... DPR* LAR.................................... Updated  1 rows. Added 36 rows. [149.73s]
[5][18-Apr-2024 05:22 P-11] Corp._ MCR001.... MCR010.... MCR012.... DPR. LAR... DPR* LAR.................................... Updated  1 rows. Added 36 rows. [153.68s]
[6][19-Apr-2024 05:25 P-11] Corp._ MCR001.... MCR010.... MCR012.... DPR. LAR... DPR* LAR.................................... Updated  1 rows. Added 36 rows. [150.26s]

[1][24-Apr-2024 05:40 P-12] Corp._ MCR001.... MCR010.... MCR012.... DPR. LAR... DPR. LAR.................................... Updated  0 rows. Added 37 rows. [177.87s]
[2][15-Apr-2024 05:43 P-12] Corp._ MCR001.... MCR010.... MCR012.... DPR. LAR... DPR. LAR.................................... Updated  0 rows. Added 37 rows. [151.86s]
[3][16-Apr-2024 05:46 P-12] Corp._ MCR001.... MCR010.... MCR012.... DPR. LAR... DPR. LAR.................................... Updated  0 rows. Added 37 rows. [151.20s]
[4][17-Apr-2024 05:49 P-12] Corp._ MCR001.... MCR010.... MCR012.... DPR. LAR... DPR* LAR.................................... Updated  1 rows. Added 36 rows. [148.87s]
[5][18-Apr-2024 05:52 P-12] Corp._ MCR001.... MCR010.... MCR012.... DPR. LAR... DPR* LAR.................................... Updated  1 rows. Added 36 rows. [150.55s]
[6][19-Apr-2024 05:55 P-12] Corp._ MCR001.... MCR010.... MCR012.... DPR. LAR... DPR* LAR.................................... Updated  1 rows. Added 36 rows. [151.21s]

[1][24-Apr-2024 06:10 P-13] Corp._ MCR001.... MCR010.... MCR012.... DPR. LAR... DPR. LAR.................................... Updated  0 rows. Added 37 rows. [169.24s]
[2][15-Apr-2024 06:13 P-13] Corp._ MCR001.... MCR010.... MCR012.... DPR. LAR... DPR. LAR.................................... Updated  0 rows. Added 37 rows. [150.37s]
[3][16-Apr-2024 06:16 P-13] Corp._ MCR001.... MCR010.... MCR012.... DPR. LAR... DPR. LAR.................................... Updated  0 rows. Added 37 rows. [151.72s]
[4][17-Apr-2024 06:19 P-13] Corp._ MCR001.... MCR010.... MCR012.... DPR. LAR... DPR* LAR.................................... Updated  1 rows. Added 36 rows. [151.39s]
[5][18-Apr-2024 06:22 P-13] Corp._ MCR001.... MCR010.... MCR012.... DPR. LAR... DPR* LAR.................................... Updated  1 rows. Added 36 rows. [150.95s]
[6][19-Apr-2024 06:25 P-13] Corp._ MCR001.... MCR010.... MCR012.... DPR. LAR... DPR* LAR.................................... Updated  1 rows. Added 36 rows. [150.28s]

[1][24-Apr-2024 06:40 P-14] Corp._ MCR001.... MCR010.... MCR012.... DPR. LAR... DPR. LAR.................................... Updated  0 rows. Added 37 rows. [169.39s]
[2][15-Apr-2024 06:43 P-14] Corp._ MCR001.... MCR010.... MCR012.... DPR. LAR... DPR. LAR.................................... Updated  0 rows. Added 37 rows. [149.01s]
[3][16-Apr-2024 06:46 P-14] Corp._ MCR001.... MCR010.... MCR012.... DPR. LAR... DPR. LAR.................................... Updated  0 rows. Added 37 rows. [152.31s]
[4][17-Apr-2024 06:49 P-14] Corp._ MCR001.... MCR010.... MCR012.... DPR. LAR... DPR* LAR.................................... Updated  1 rows. Added 36 rows. [150.12s]
[5][18-Apr-2024 06:52 P-14] Corp._ MCR001.... MCR010.... MCR012.... DPR. LAR... DPR* LAR.................................... Updated  1 rows. Added 36 rows. [151.53s]
[6][19-Apr-2024 06:55 P-14] Corp._ MCR001.... MCR010.... MCR012.... DPR. LAR... DPR* LAR.................................... Updated  1 rows. Added 36 rows. [149.06s]

[1][24-Apr-2024 07:10 P-15] Corp._ MCR001.... MCR010.... MCR012.... DPR. LAR... DPR. LAR.................................... Updated  0 rows. Added 37 rows. [170.74s]
[2][15-Apr-2024 07:13 P-15] Corp._ MCR001.... MCR010.... MCR012.... DPR. LAR... DPR. LAR.................................... Updated  0 rows. Added 37 rows. [153.05s]
[3][16-Apr-2024 07:16 P-15] Corp._ MCR001.... MCR010.... MCR012.... DPR. LAR... DPR. LAR.................................... Updated  0 rows. Added 37 rows. [150.31s]
[4][17-Apr-2024 07:19 P-15] Corp._ MCR001.... MCR010.... MCR012.... DPR. LAR... DPR* LAR.................................... Updated  1 rows. Added 36 rows. [148.80s]
[5][18-Apr-2024 07:22 P-15] Corp._ MCR001.... MCR010.... MCR012.... DPR. LAR... DPR* LAR.................................... Updated  1 rows. Added 36 rows. [150.69s]
[6][19-Apr-2024 07:25 P-15] Corp._ MCR001.... MCR010.... MCR012.... DPR. LAR... DPR* LAR.................................... Updated  1 rows. Added 36 rows. [152.61s]

[1][24-Apr-2024 07:40 P-16] Corp._ MCR001.... MCR010.... MCR012.... DPR. LAR... DPR. LAR.................................... Updated  0 rows. Added 37 rows. [151.07s]
[2][15-Apr-2024 07:43 P-16] Corp._ MCR001.... MCR010.... MCR012.... DPR. LAR... DPR. LAR.................................... Updated  0 rows. Added 37 rows. [150.52s]
[3][16-Apr-2024 07:46 P-16] Corp._ MCR001.... MCR010.... MCR012.... DPR. LAR... DPR. LAR.................................... Updated  0 rows. Added 37 rows. [150.31s]
[4][17-Apr-2024 07:49 P-16] Corp._ MCR001.... MCR010.... MCR012.... DPR. LAR... DPR* LAR.................................... Updated  1 rows. Added 36 rows. [149.19s]
[5][18-Apr-2024 07:52 P-16] Corp._ MCR001.... MCR010.... MCR012.... DPR. LAR... DPR* LAR.................................... Updated  1 rows. Added 36 rows. [150.41s]
[6][19-Apr-2024 07:55 P-16] Corp._ MCR001.... MCR010.... MCR012.... DPR. LAR... DPR* LAR.................................... Updated  1 rows. Added 36 rows. [149.16s]

[1][24-Apr-2024 08:10 P-17] Corp._ MCR001.... MCR010.... MCR012.... DPR. LAR... DPR. LAR.................................... Updated  0 rows. Added 37 rows. [165.51s]
[2][15-Apr-2024 08:13 P-17] Corp._ MCR001.... MCR010.... MCR012.... DPR. LAR... DPR. LAR.................................... Updated  0 rows. Added 37 rows. [152.31s]
[3][16-Apr-2024 08:16 P-17] Corp._ MCR001.... MCR010.... MCR012.... DPR. LAR... DPR. LAR.................................... Updated  0 rows. Added 37 rows. [150.41s]
[4][17-Apr-2024 08:19 P-17] Corp._ MCR001.... MCR010.... MCR012.... DPR. LAR... DPR* LAR.................................... Updated  1 rows. Added 36 rows. [152.71s]
[5][18-Apr-2024 08:22 P-17] Corp._ MCR001.... MCR010.... MCR012.... DPR. LAR... DPR* LAR.................................... Updated  1 rows. Added 36 rows. [150.78s]
[6][19-Apr-2024 08:25 P-17] Corp._ MCR001.... MCR010.... MCR012.... DPR. LAR... DPR* LAR.................................... Updated  1 rows. Added 36 rows. [149.26s]

[1][24-Apr-2024 08:40 P-18] Corp._ MCR001.... MCR010.... MCR012.... DPR. LAR... DPR. LAR.................................... Updated  0 rows. Added 37 rows. [169.05s]
[2][15-Apr-2024 08:43 P-18] Corp._ MCR001.... MCR010.... MCR012.... DPR. LAR... DPR. LAR.................................... Updated  0 rows. Added 37 rows. [152.28s]
[3][16-Apr-2024 08:46 P-18] Corp._ MCR001.... MCR010.... MCR012.... DPR. LAR... DPR. LAR.................................... Updated  0 rows. Added 37 rows. [149.82s]
[4][17-Apr-2024 08:49 P-18] Corp._ MCR001.... MCR010.... MCR012.... DPR. LAR... DPR* LAR.................................... Updated  1 rows. Added 36 rows. [149.51s]
[5][18-Apr-2024 08:52 P-18] Corp._ MCR001.... MCR010.... MCR012.... DPR. LAR... DPR* LAR.................................... Updated  1 rows. Added 36 rows. [151.21s]
[6][19-Apr-2024 08:55 P-18] Corp._ MCR001.... MCR010.... MCR012.... DPR. LAR... DPR* LAR.................................... Updated  1 rows. Added 36 rows. [149.60s]

[1][24-Apr-2024 09:10 P-19] Corp._ MCR001.... MCR010.... MCR012.... DPR. LAR... DPR. LAR.................................... Updated  0 rows. Added 37 rows. [167.80s]
[2][15-Apr-2024 09:13 P-19] Corp._ MCR001.... MCR010.... MCR012.... DPR. LAR... DPR. LAR.................................... Updated  0 rows. Added 37 rows. [151.13s]
[3][16-Apr-2024 09:16 P-19] Corp._ MCR001.... MCR010.... MCR012.... DPR. LAR... DPR. LAR.................................... Updated  0 rows. Added 37 rows. [148.93s]
[4][17-Apr-2024 09:19 P-19] Corp._ MCR001.... MCR010.... MCR012.... DPR. LAR... DPR* LAR.................................... Updated  1 rows. Added 36 rows. [152.72s]
[5][18-Apr-2024 09:22 P-19] Corp._ MCR001.... MCR010.... MCR012.... DPR. LAR... DPR* LAR.................................... Updated  1 rows. Added 36 rows. [150.28s]
[6][19-Apr-2024 09:25 P-19] Corp._ MCR001.... MCR010.... MCR012.... DPR. LAR... DPR* LAR.................................... Updated  1 rows. Added 36 rows. [148.80s]

[1][24-Apr-2024 09:40 P-20] Corp._ MCR001.... MCR010.... MCR012.... DPR. LAR... DPR. LAR.................................... Updated  0 rows. Added 37 rows. [152.25s]
[2][15-Apr-2024 09:43 P-20] Corp._ MCR001.... MCR010.... MCR012.... DPR. LAR... DPR. LAR.................................... Updated  0 rows. Added 37 rows. [151.99s]
[3][16-Apr-2024 09:46 P-20] Corp._ MCR001.... MCR010.... MCR012.... DPR. LAR... DPR. LAR.................................... Updated  0 rows. Added 37 rows. [150.55s]
[4][17-Apr-2024 09:49 P-20] Corp._ MCR001.... MCR010.... MCR012.... DPR. LAR... DPR* LAR.................................... Updated  1 rows. Added 36 rows. [151.42s]
[5][18-Apr-2024 09:52 P-20] Corp._ MCR001.... MCR010.... MCR012.... DPR. LAR... DPR* LAR.................................... Updated  1 rows. Added 36 rows. [149.03s]
[6][19-Apr-2024 09:55 P-20] Corp._ MCR001.... MCR010.... MCR012.... DPR. LAR... DPR* LAR.................................... Updated  1 rows. Added 36 rows. [148.86s]

[1][24-Apr-2024 10:10 P-21] Corp._ MCR001.... MCR010.... MCR012.... DPR. LAR... DPR. LAR.................................... Updated  0 rows. Added 37 rows. [148.47s]
[2][15-Apr-2024 10:13 P-21] Corp._ MCR001.... MCR010.... MCR012.... DPR. LAR... DPR. LAR.................................... Updated  0 rows. Added 37 rows. [150.70s]
[3][16-Apr-2024 10:16 P-21] Corp._ MCR001.... MCR010.... MCR012.... DPR. LAR... DPR. LAR.................................... Updated  0 rows. Added 37 rows. [148.64s]
[4][17-Apr-2024 10:19 P-21] Corp._ MCR001.... MCR010.... MCR012.... DPR. LAR... DPR* LAR.................................... Updated  1 rows. Added 36 rows. [150.29s]
[5][18-Apr-2024 10:22 P-21] Corp._ MCR001.... MCR010.... MCR012.... DPR. LAR... DPR* LAR.................................... Updated  1 rows. Added 36 rows. [148.24s]
[6][19-Apr-2024 10:24 P-21] Corp._ MCR001.... MCR010.... MCR012.... DPR. LAR... DPR* LAR.................................... Updated  1 rows. Added 36 rows. [149.60s]

[1][24-Apr-2024 10:40 P-22] Corp._ MCR001.... MCR010.... MCR012.... DPR. LAR... DPR. LAR.................................... Updated  0 rows. Added 37 rows. [188.21s]
[2][15-Apr-2024 10:43 P-22] Corp._ MCR001.... MCR010.... MCR012.... DPR. LAR... DPR. LAR.................................... Updated  0 rows. Added 37 rows. [150.86s]
[3][16-Apr-2024 10:46 P-22] Corp._ MCR001.... MCR010.... MCR012.... DPR. LAR... DPR. LAR.................................... Updated  0 rows. Added 37 rows. [149.67s]
[4][17-Apr-2024 10:49 P-22] Corp._ MCR001.... MCR010.... MCR012.... DPR. LAR... DPR* LAR.................................... Updated  1 rows. Added 36 rows. [150.19s]
[5][18-Apr-2024 10:52 P-22] Corp._ MCR001.... MCR010.... MCR012.... DPR. LAR... DPR. LAR.................................... Updated  0 rows. Added 37 rows. [148.62s]
[6][19-Apr-2024 10:55 P-22] Corp._ MCR001.... MCR010.... MCR012.... DPR. LAR... DPR. LAR.................................... Updated  0 rows. Added 37 rows. [148.99s]

